2021-06-08 09:52:52,356 INFO org.hibernate.validator.internal.util.Version [background-preinit] HV000001: Hibernate Validator 6.1.7.Final
2021-06-08 09:52:52,358 INFO org.springframework.boot.StartupInfoLogger [main] Starting AdvertsServiceApplication using Java 15 on DESKTOP-GK0HJTR with PID 12020 (D:\Projects\adverts_services\controller\build\classes\java\main started by ejik_ in D:\Projects\adverts_services)
2021-06-08 09:52:52,358 DEBUG org.springframework.boot.StartupInfoLogger [main] Running with Spring Boot v2.4.5, Spring v5.3.6
2021-06-08 09:52:52,358 INFO org.springframework.boot.SpringApplication [main] No active profile set, falling back to default profiles: default
2021-06-08 09:52:53,194 INFO org.springframework.data.repository.config.RepositoryConfigurationDelegate [main] Bootstrapping Spring Data JPA repositories in DEFAULT mode.
2021-06-08 09:52:53,250 INFO org.springframework.data.repository.config.RepositoryConfigurationDelegate [main] Finished Spring Data repository scanning in 52 ms. Found 10 JPA repository interfaces.
2021-06-08 09:52:53,465 INFO org.springframework.context.support.PostProcessorRegistrationDelegate$BeanPostProcessorChecker [main] Bean 'org.springframework.security.access.expression.method.DefaultMethodSecurityExpressionHandler@3374b5bc' of type [org.springframework.security.access.expression.method.DefaultMethodSecurityExpressionHandler] is not eligible for getting processed by all BeanPostProcessors (for example: not eligible for auto-proxying)
2021-06-08 09:52:53,471 INFO org.springframework.context.support.PostProcessorRegistrationDelegate$BeanPostProcessorChecker [main] Bean 'methodSecurityMetadataSource' of type [org.springframework.security.access.method.DelegatingMethodSecurityMetadataSource] is not eligible for getting processed by all BeanPostProcessors (for example: not eligible for auto-proxying)
2021-06-08 09:52:53,649 INFO org.springframework.boot.web.embedded.tomcat.TomcatWebServer [main] Tomcat initialized with port(s): 8080 (http)
2021-06-08 09:52:53,658 INFO org.apache.juli.logging.DirectJDKLog [main] Initializing ProtocolHandler ["http-nio-8080"]
2021-06-08 09:52:53,658 INFO org.apache.juli.logging.DirectJDKLog [main] Starting service [Tomcat]
2021-06-08 09:52:53,658 INFO org.apache.juli.logging.DirectJDKLog [main] Starting Servlet engine: [Apache Tomcat/9.0.45]
2021-06-08 09:52:53,751 INFO org.apache.juli.logging.DirectJDKLog [main] Initializing Spring embedded WebApplicationContext
2021-06-08 09:52:53,751 INFO org.springframework.boot.web.servlet.context.ServletWebServerApplicationContext [main] Root WebApplicationContext: initialization completed in 1353 ms
2021-06-08 09:52:53,887 INFO org.hibernate.jpa.internal.util.LogHelper [main] HHH000204: Processing PersistenceUnitInfo [name: default]
2021-06-08 09:52:53,915 INFO org.hibernate.Version [main] HHH000412: Hibernate ORM core version 5.4.30.Final
2021-06-08 09:52:54,034 INFO org.hibernate.annotations.common.reflection.java.JavaReflectionManager [main] HCANN000001: Hibernate Commons Annotations {5.1.2.Final}
2021-06-08 09:52:54,106 INFO com.zaxxer.hikari.HikariDataSource [main] HikariPool-1 - Starting...
2021-06-08 09:52:54,744 INFO com.zaxxer.hikari.HikariDataSource [main] HikariPool-1 - Start completed.
2021-06-08 09:52:54,753 INFO org.hibernate.dialect.Dialect [main] HHH000400: Using dialect: org.hibernate.dialect.MySQL57Dialect
2021-06-08 09:52:55,397 INFO org.hibernate.engine.transaction.jta.platform.internal.JtaPlatformInitiator [main] HHH000490: Using JtaPlatform implementation: [org.hibernate.engine.transaction.jta.platform.internal.NoJtaPlatform]
2021-06-08 09:52:55,403 INFO org.springframework.orm.jpa.AbstractEntityManagerFactoryBean [main] Initialized JPA EntityManagerFactory for persistence unit 'default'
2021-06-08 09:52:55,466 WARN org.springframework.boot.autoconfigure.orm.jpa.JpaBaseConfiguration$JpaWebConfiguration [main] spring.jpa.open-in-view is enabled by default. Therefore, database queries may be performed during view rendering. Explicitly configure spring.jpa.open-in-view to disable this warning
2021-06-08 09:52:56,014 INFO org.springframework.scheduling.concurrent.ExecutorConfigurationSupport [main] Initializing ExecutorService 'applicationTaskExecutor'
2021-06-08 09:52:56,196 INFO org.springframework.security.web.DefaultSecurityFilterChain [main] Will secure any request with [org.springframework.security.web.context.request.async.WebAsyncManagerIntegrationFilter@12c30824, org.springframework.security.web.context.SecurityContextPersistenceFilter@16257f8c, org.springframework.security.web.header.HeaderWriterFilter@22bca04e, org.springframework.security.web.authentication.logout.LogoutFilter@3a6409ec, com.project.jwt.JwtTokenFilter@7d0e43d6, org.springframework.security.web.savedrequest.RequestCacheAwareFilter@7c31e01f, org.springframework.security.web.servletapi.SecurityContextHolderAwareRequestFilter@397bd46b, org.springframework.security.web.authentication.AnonymousAuthenticationFilter@df04d12, org.springframework.security.web.session.SessionManagementFilter@49faf815, org.springframework.security.web.access.ExceptionTranslationFilter@3a574a3b, org.springframework.security.web.access.intercept.FilterSecurityInterceptor@2d2fe68a]
2021-06-08 09:52:56,220 INFO org.apache.juli.logging.DirectJDKLog [main] Starting ProtocolHandler ["http-nio-8080"]
2021-06-08 09:52:56,236 INFO org.springframework.boot.web.embedded.tomcat.TomcatWebServer [main] Tomcat started on port(s): 8080 (http) with context path ''
2021-06-08 09:52:56,260 INFO org.springframework.boot.StartupInfoLogger [main] Started AdvertsServiceApplication in 4.184 seconds (JVM running for 4.934)
2021-06-08 09:53:33,875 INFO org.apache.juli.logging.DirectJDKLog [http-nio-8080-exec-2] Initializing Spring DispatcherServlet 'dispatcherServlet'
2021-06-08 09:53:33,875 INFO org.springframework.web.servlet.FrameworkServlet [http-nio-8080-exec-2] Initializing Servlet 'dispatcherServlet'
2021-06-08 09:53:33,876 INFO org.springframework.web.servlet.FrameworkServlet [http-nio-8080-exec-2] Completed initialization in 1 ms
2021-06-08 09:53:34,172 WARN org.hibernate.engine.jdbc.spi.SqlExceptionHelper [http-nio-8080-exec-2] SQL Error: 1366, SQLState: HY000
2021-06-08 09:53:34,172 ERROR org.hibernate.engine.jdbc.spi.SqlExceptionHelper [http-nio-8080-exec-2] Incorrect integer value: 'ACTIVE' for column 'status' at row 1
2021-06-08 09:53:34,185 ERROR com.project.exceptionHandler.ExceptionHandlerClass [http-nio-8080-exec-2] could not execute statement; nested exception is org.hibernate.exception.GenericJDBCException: could not execute statement
2021-06-08 09:54:36,543 INFO org.hibernate.validator.internal.util.Version [background-preinit] HV000001: Hibernate Validator 6.1.7.Final
2021-06-08 09:54:36,548 INFO org.springframework.boot.StartupInfoLogger [main] Starting AdvertsServiceApplication using Java 15 on DESKTOP-GK0HJTR with PID 2212 (D:\Projects\adverts_services\controller\build\classes\java\main started by ejik_ in D:\Projects\adverts_services)
2021-06-08 09:54:36,549 DEBUG org.springframework.boot.StartupInfoLogger [main] Running with Spring Boot v2.4.5, Spring v5.3.6
2021-06-08 09:54:36,549 INFO org.springframework.boot.SpringApplication [main] No active profile set, falling back to default profiles: default
2021-06-08 09:54:37,267 INFO org.springframework.data.repository.config.RepositoryConfigurationDelegate [main] Bootstrapping Spring Data JPA repositories in DEFAULT mode.
2021-06-08 09:54:37,331 INFO org.springframework.data.repository.config.RepositoryConfigurationDelegate [main] Finished Spring Data repository scanning in 57 ms. Found 10 JPA repository interfaces.
2021-06-08 09:54:37,532 INFO org.springframework.context.support.PostProcessorRegistrationDelegate$BeanPostProcessorChecker [main] Bean 'org.springframework.security.access.expression.method.DefaultMethodSecurityExpressionHandler@2f37f1f9' of type [org.springframework.security.access.expression.method.DefaultMethodSecurityExpressionHandler] is not eligible for getting processed by all BeanPostProcessors (for example: not eligible for auto-proxying)
2021-06-08 09:54:37,538 INFO org.springframework.context.support.PostProcessorRegistrationDelegate$BeanPostProcessorChecker [main] Bean 'methodSecurityMetadataSource' of type [org.springframework.security.access.method.DelegatingMethodSecurityMetadataSource] is not eligible for getting processed by all BeanPostProcessors (for example: not eligible for auto-proxying)
2021-06-08 09:54:37,706 INFO org.springframework.boot.web.embedded.tomcat.TomcatWebServer [main] Tomcat initialized with port(s): 8080 (http)
2021-06-08 09:54:37,712 INFO org.apache.juli.logging.DirectJDKLog [main] Initializing ProtocolHandler ["http-nio-8080"]
2021-06-08 09:54:37,712 INFO org.apache.juli.logging.DirectJDKLog [main] Starting service [Tomcat]
2021-06-08 09:54:37,712 INFO org.apache.juli.logging.DirectJDKLog [main] Starting Servlet engine: [Apache Tomcat/9.0.45]
2021-06-08 09:54:37,780 INFO org.apache.juli.logging.DirectJDKLog [main] Initializing Spring embedded WebApplicationContext
2021-06-08 09:54:37,781 INFO org.springframework.boot.web.servlet.context.ServletWebServerApplicationContext [main] Root WebApplicationContext: initialization completed in 1192 ms
2021-06-08 09:54:37,888 INFO org.hibernate.jpa.internal.util.LogHelper [main] HHH000204: Processing PersistenceUnitInfo [name: default]
2021-06-08 09:54:37,914 INFO org.hibernate.Version [main] HHH000412: Hibernate ORM core version 5.4.30.Final
2021-06-08 09:54:37,989 INFO org.hibernate.annotations.common.reflection.java.JavaReflectionManager [main] HCANN000001: Hibernate Commons Annotations {5.1.2.Final}
2021-06-08 09:54:38,053 INFO com.zaxxer.hikari.HikariDataSource [main] HikariPool-1 - Starting...
2021-06-08 09:54:38,231 INFO com.zaxxer.hikari.HikariDataSource [main] HikariPool-1 - Start completed.
2021-06-08 09:54:38,240 INFO org.hibernate.dialect.Dialect [main] HHH000400: Using dialect: org.hibernate.dialect.MySQL57Dialect
2021-06-08 09:54:38,831 INFO org.hibernate.engine.transaction.jta.platform.internal.JtaPlatformInitiator [main] HHH000490: Using JtaPlatform implementation: [org.hibernate.engine.transaction.jta.platform.internal.NoJtaPlatform]
2021-06-08 09:54:38,838 INFO org.springframework.orm.jpa.AbstractEntityManagerFactoryBean [main] Initialized JPA EntityManagerFactory for persistence unit 'default'
2021-06-08 09:54:38,889 WARN org.springframework.boot.autoconfigure.orm.jpa.JpaBaseConfiguration$JpaWebConfiguration [main] spring.jpa.open-in-view is enabled by default. Therefore, database queries may be performed during view rendering. Explicitly configure spring.jpa.open-in-view to disable this warning
2021-06-08 09:54:39,439 INFO org.springframework.scheduling.concurrent.ExecutorConfigurationSupport [main] Initializing ExecutorService 'applicationTaskExecutor'
2021-06-08 09:54:39,621 INFO org.springframework.security.web.DefaultSecurityFilterChain [main] Will secure any request with [org.springframework.security.web.context.request.async.WebAsyncManagerIntegrationFilter@3af6c672, org.springframework.security.web.context.SecurityContextPersistenceFilter@291522f1, org.springframework.security.web.header.HeaderWriterFilter@62ba3045, org.springframework.security.web.authentication.logout.LogoutFilter@943cf5, com.project.jwt.JwtTokenFilter@12948e7a, org.springframework.security.web.savedrequest.RequestCacheAwareFilter@1a34f8e2, org.springframework.security.web.servletapi.SecurityContextHolderAwareRequestFilter@63fde7ca, org.springframework.security.web.authentication.AnonymousAuthenticationFilter@497c1d78, org.springframework.security.web.session.SessionManagementFilter@3724ab90, org.springframework.security.web.access.ExceptionTranslationFilter@442151d1, org.springframework.security.web.access.intercept.FilterSecurityInterceptor@725490dd]
2021-06-08 09:54:39,645 INFO org.apache.juli.logging.DirectJDKLog [main] Starting ProtocolHandler ["http-nio-8080"]
2021-06-08 09:54:39,658 INFO org.springframework.boot.web.embedded.tomcat.TomcatWebServer [main] Tomcat started on port(s): 8080 (http) with context path ''
2021-06-08 09:54:39,664 INFO org.springframework.boot.StartupInfoLogger [main] Started AdvertsServiceApplication in 3.349 seconds (JVM running for 3.823)
2021-06-08 09:54:44,441 INFO org.apache.juli.logging.DirectJDKLog [http-nio-8080-exec-1] Initializing Spring DispatcherServlet 'dispatcherServlet'
2021-06-08 09:54:44,441 INFO org.springframework.web.servlet.FrameworkServlet [http-nio-8080-exec-1] Initializing Servlet 'dispatcherServlet'
2021-06-08 09:54:44,442 INFO org.springframework.web.servlet.FrameworkServlet [http-nio-8080-exec-1] Completed initialization in 0 ms
2021-06-08 09:54:44,691 WARN org.hibernate.engine.jdbc.spi.SqlExceptionHelper [http-nio-8080-exec-1] SQL Error: 1062, SQLState: 23000
2021-06-08 09:54:44,691 ERROR org.hibernate.engine.jdbc.spi.SqlExceptionHelper [http-nio-8080-exec-1] Duplicate entry 'test@gmail.com' for key 'users.UK_6dotkott2kjsp8vw4d0m25fb7'
2021-06-08 09:54:44,701 ERROR com.project.exceptionHandler.ExceptionHandlerClass [http-nio-8080-exec-1] could not execute statement; SQL [n/a]; constraint [users.UK_6dotkott2kjsp8vw4d0m25fb7]; nested exception is org.hibernate.exception.ConstraintViolationException: could not execute statement
2021-06-08 09:54:57,572 WARN org.hibernate.engine.jdbc.spi.SqlExceptionHelper [http-nio-8080-exec-4] SQL Error: 1062, SQLState: 23000
2021-06-08 09:54:57,572 ERROR org.hibernate.engine.jdbc.spi.SqlExceptionHelper [http-nio-8080-exec-4] Duplicate entry 'test2@gmail.com' for key 'users.UK_6dotkott2kjsp8vw4d0m25fb7'
2021-06-08 09:54:57,575 ERROR com.project.exceptionHandler.ExceptionHandlerClass [http-nio-8080-exec-4] could not execute statement; SQL [n/a]; constraint [users.UK_6dotkott2kjsp8vw4d0m25fb7]; nested exception is org.hibernate.exception.ConstraintViolationException: could not execute statement
2021-06-08 09:55:07,166 INFO com.project.service.UserService [http-nio-8080-exec-2] IN register - user: com.project.entity.User@95988a successfully registered
2021-06-08 11:05:46,067 INFO org.hibernate.validator.internal.util.Version [background-preinit] HV000001: Hibernate Validator 6.1.7.Final
2021-06-08 11:05:46,069 INFO org.springframework.boot.StartupInfoLogger [main] Starting AdvertsServiceApplication using Java 15 on DESKTOP-GK0HJTR with PID 8532 (D:\Projects\adverts_services\controller\build\classes\java\main started by ejik_ in D:\Projects\adverts_services)
2021-06-08 11:05:46,070 DEBUG org.springframework.boot.StartupInfoLogger [main] Running with Spring Boot v2.4.5, Spring v5.3.6
2021-06-08 11:05:46,070 INFO org.springframework.boot.SpringApplication [main] No active profile set, falling back to default profiles: default
2021-06-08 11:05:46,569 INFO org.springframework.data.repository.config.RepositoryConfigurationDelegate [main] Bootstrapping Spring Data JPA repositories in DEFAULT mode.
2021-06-08 11:05:46,634 INFO org.springframework.data.repository.config.RepositoryConfigurationDelegate [main] Finished Spring Data repository scanning in 59 ms. Found 10 JPA repository interfaces.
2021-06-08 11:05:46,840 INFO org.springframework.context.support.PostProcessorRegistrationDelegate$BeanPostProcessorChecker [main] Bean 'org.springframework.security.access.expression.method.DefaultMethodSecurityExpressionHandler@34d52ecd' of type [org.springframework.security.access.expression.method.DefaultMethodSecurityExpressionHandler] is not eligible for getting processed by all BeanPostProcessors (for example: not eligible for auto-proxying)
2021-06-08 11:05:46,845 INFO org.springframework.context.support.PostProcessorRegistrationDelegate$BeanPostProcessorChecker [main] Bean 'methodSecurityMetadataSource' of type [org.springframework.security.access.method.DelegatingMethodSecurityMetadataSource] is not eligible for getting processed by all BeanPostProcessors (for example: not eligible for auto-proxying)
2021-06-08 11:05:46,996 INFO org.springframework.boot.web.embedded.tomcat.TomcatWebServer [main] Tomcat initialized with port(s): 8080 (http)
2021-06-08 11:05:47,001 INFO org.apache.juli.logging.DirectJDKLog [main] Initializing ProtocolHandler ["http-nio-8080"]
2021-06-08 11:05:47,001 INFO org.apache.juli.logging.DirectJDKLog [main] Starting service [Tomcat]
2021-06-08 11:05:47,002 INFO org.apache.juli.logging.DirectJDKLog [main] Starting Servlet engine: [Apache Tomcat/9.0.45]
2021-06-08 11:05:47,069 INFO org.apache.juli.logging.DirectJDKLog [main] Initializing Spring embedded WebApplicationContext
2021-06-08 11:05:47,070 INFO org.springframework.boot.web.servlet.context.ServletWebServerApplicationContext [main] Root WebApplicationContext: initialization completed in 972 ms
2021-06-08 11:05:47,182 INFO org.hibernate.jpa.internal.util.LogHelper [main] HHH000204: Processing PersistenceUnitInfo [name: default]
2021-06-08 11:05:47,212 INFO org.hibernate.Version [main] HHH000412: Hibernate ORM core version 5.4.30.Final
2021-06-08 11:05:47,285 INFO org.hibernate.annotations.common.reflection.java.JavaReflectionManager [main] HCANN000001: Hibernate Commons Annotations {5.1.2.Final}
2021-06-08 11:05:47,355 INFO com.zaxxer.hikari.HikariDataSource [main] HikariPool-1 - Starting...
2021-06-08 11:05:47,537 INFO com.zaxxer.hikari.HikariDataSource [main] HikariPool-1 - Start completed.
2021-06-08 11:05:47,546 INFO org.hibernate.dialect.Dialect [main] HHH000400: Using dialect: org.hibernate.dialect.MySQL57Dialect
2021-06-08 11:05:48,154 INFO org.hibernate.engine.transaction.jta.platform.internal.JtaPlatformInitiator [main] HHH000490: Using JtaPlatform implementation: [org.hibernate.engine.transaction.jta.platform.internal.NoJtaPlatform]
2021-06-08 11:05:48,161 INFO org.springframework.orm.jpa.AbstractEntityManagerFactoryBean [main] Initialized JPA EntityManagerFactory for persistence unit 'default'
2021-06-08 11:05:48,216 WARN org.springframework.boot.autoconfigure.orm.jpa.JpaBaseConfiguration$JpaWebConfiguration [main] spring.jpa.open-in-view is enabled by default. Therefore, database queries may be performed during view rendering. Explicitly configure spring.jpa.open-in-view to disable this warning
2021-06-08 11:05:48,765 INFO org.springframework.scheduling.concurrent.ExecutorConfigurationSupport [main] Initializing ExecutorService 'applicationTaskExecutor'
2021-06-08 11:05:48,950 INFO org.springframework.security.web.DefaultSecurityFilterChain [main] Will secure any request with [org.springframework.security.web.context.request.async.WebAsyncManagerIntegrationFilter@7611e295, org.springframework.security.web.context.SecurityContextPersistenceFilter@470866d1, org.springframework.security.web.header.HeaderWriterFilter@689eab53, org.springframework.security.web.authentication.logout.LogoutFilter@5ed88e31, com.project.jwt.JwtTokenFilter@6d40a2b, org.springframework.security.web.savedrequest.RequestCacheAwareFilter@118c1faa, org.springframework.security.web.servletapi.SecurityContextHolderAwareRequestFilter@5c30decf, org.springframework.security.web.authentication.AnonymousAuthenticationFilter@a7fd77f, org.springframework.security.web.session.SessionManagementFilter@2604940, org.springframework.security.web.access.ExceptionTranslationFilter@54cce500, org.springframework.security.web.access.intercept.FilterSecurityInterceptor@20276412]
2021-06-08 11:05:48,979 INFO org.apache.juli.logging.DirectJDKLog [main] Starting ProtocolHandler ["http-nio-8080"]
2021-06-08 11:05:48,992 INFO org.springframework.boot.web.embedded.tomcat.TomcatWebServer [main] Tomcat started on port(s): 8080 (http) with context path ''
2021-06-08 11:05:48,999 INFO org.springframework.boot.StartupInfoLogger [main] Started AdvertsServiceApplication in 3.128 seconds (JVM running for 3.55)
2021-06-08 11:05:53,377 INFO org.apache.juli.logging.DirectJDKLog [http-nio-8080-exec-1] Initializing Spring DispatcherServlet 'dispatcherServlet'
2021-06-08 11:05:53,377 INFO org.springframework.web.servlet.FrameworkServlet [http-nio-8080-exec-1] Initializing Servlet 'dispatcherServlet'
2021-06-08 11:05:53,380 INFO org.springframework.web.servlet.FrameworkServlet [http-nio-8080-exec-1] Completed initialization in 3 ms
2021-06-08 18:06:28,970 INFO org.hibernate.validator.internal.util.Version [background-preinit] HV000001: Hibernate Validator 6.1.7.Final
2021-06-08 18:06:28,990 INFO org.springframework.boot.StartupInfoLogger [main] Starting AdvertsServiceApplication using Java 15 on DESKTOP-GK0HJTR with PID 4864 (D:\Projects\adverts_services\controller\build\classes\java\main started by ejik_ in D:\Projects\adverts_services)
2021-06-08 18:06:28,991 DEBUG org.springframework.boot.StartupInfoLogger [main] Running with Spring Boot v2.4.5, Spring v5.3.6
2021-06-08 18:06:28,991 INFO org.springframework.boot.SpringApplication [main] No active profile set, falling back to default profiles: default
2021-06-08 18:06:29,734 INFO org.springframework.data.repository.config.RepositoryConfigurationDelegate [main] Bootstrapping Spring Data JPA repositories in DEFAULT mode.
2021-06-08 18:06:29,795 INFO org.springframework.data.repository.config.RepositoryConfigurationDelegate [main] Finished Spring Data repository scanning in 55 ms. Found 10 JPA repository interfaces.
2021-06-08 18:06:30,398 INFO org.springframework.context.support.PostProcessorRegistrationDelegate$BeanPostProcessorChecker [main] Bean 'org.springframework.security.access.expression.method.DefaultMethodSecurityExpressionHandler@22587507' of type [org.springframework.security.access.expression.method.DefaultMethodSecurityExpressionHandler] is not eligible for getting processed by all BeanPostProcessors (for example: not eligible for auto-proxying)
2021-06-08 18:06:30,403 INFO org.springframework.context.support.PostProcessorRegistrationDelegate$BeanPostProcessorChecker [main] Bean 'methodSecurityMetadataSource' of type [org.springframework.security.access.method.DelegatingMethodSecurityMetadataSource] is not eligible for getting processed by all BeanPostProcessors (for example: not eligible for auto-proxying)
2021-06-08 18:06:30,766 INFO org.springframework.boot.web.embedded.tomcat.TomcatWebServer [main] Tomcat initialized with port(s): 8080 (http)
2021-06-08 18:06:30,777 INFO org.apache.juli.logging.DirectJDKLog [main] Initializing ProtocolHandler ["http-nio-8080"]
2021-06-08 18:06:30,777 INFO org.apache.juli.logging.DirectJDKLog [main] Starting service [Tomcat]
2021-06-08 18:06:30,777 INFO org.apache.juli.logging.DirectJDKLog [main] Starting Servlet engine: [Apache Tomcat/9.0.45]
2021-06-08 18:06:30,868 INFO org.apache.juli.logging.DirectJDKLog [main] Initializing Spring embedded WebApplicationContext
2021-06-08 18:06:30,868 INFO org.springframework.boot.web.servlet.context.ServletWebServerApplicationContext [main] Root WebApplicationContext: initialization completed in 1833 ms
2021-06-08 18:06:30,985 INFO org.hibernate.jpa.internal.util.LogHelper [main] HHH000204: Processing PersistenceUnitInfo [name: default]
2021-06-08 18:06:31,015 INFO org.hibernate.Version [main] HHH000412: Hibernate ORM core version 5.4.30.Final
2021-06-08 18:06:31,158 INFO org.hibernate.annotations.common.reflection.java.JavaReflectionManager [main] HCANN000001: Hibernate Commons Annotations {5.1.2.Final}
2021-06-08 18:06:31,229 INFO com.zaxxer.hikari.HikariDataSource [main] HikariPool-1 - Starting...
2021-06-08 18:06:31,806 INFO com.zaxxer.hikari.HikariDataSource [main] HikariPool-1 - Start completed.
2021-06-08 18:06:31,814 INFO org.hibernate.dialect.Dialect [main] HHH000400: Using dialect: org.hibernate.dialect.MySQL57Dialect
2021-06-08 18:06:32,658 INFO org.hibernate.engine.transaction.jta.platform.internal.JtaPlatformInitiator [main] HHH000490: Using JtaPlatform implementation: [org.hibernate.engine.transaction.jta.platform.internal.NoJtaPlatform]
2021-06-08 18:06:32,665 INFO org.springframework.orm.jpa.AbstractEntityManagerFactoryBean [main] Initialized JPA EntityManagerFactory for persistence unit 'default'
2021-06-08 18:06:32,734 WARN org.springframework.boot.autoconfigure.orm.jpa.JpaBaseConfiguration$JpaWebConfiguration [main] spring.jpa.open-in-view is enabled by default. Therefore, database queries may be performed during view rendering. Explicitly configure spring.jpa.open-in-view to disable this warning
2021-06-08 18:06:33,334 INFO org.springframework.scheduling.concurrent.ExecutorConfigurationSupport [main] Initializing ExecutorService 'applicationTaskExecutor'
2021-06-08 18:06:33,550 INFO org.springframework.security.web.DefaultSecurityFilterChain [main] Will secure any request with [org.springframework.security.web.context.request.async.WebAsyncManagerIntegrationFilter@390978, org.springframework.security.web.context.SecurityContextPersistenceFilter@397bd46b, org.springframework.security.web.header.HeaderWriterFilter@a70daf4, org.springframework.security.web.authentication.logout.LogoutFilter@1e37cb10, com.project.jwt.JwtTokenFilter@561c031, org.springframework.security.web.savedrequest.RequestCacheAwareFilter@76ebd595, org.springframework.security.web.servletapi.SecurityContextHolderAwareRequestFilter@7be86438, org.springframework.security.web.authentication.AnonymousAuthenticationFilter@7343d843, org.springframework.security.web.session.SessionManagementFilter@2cdb53d6, org.springframework.security.web.access.ExceptionTranslationFilter@20276412, org.springframework.security.web.access.intercept.FilterSecurityInterceptor@757f47f0]
2021-06-08 18:06:33,573 INFO org.apache.juli.logging.DirectJDKLog [main] Starting ProtocolHandler ["http-nio-8080"]
2021-06-08 18:06:33,587 INFO org.springframework.boot.web.embedded.tomcat.TomcatWebServer [main] Tomcat started on port(s): 8080 (http) with context path ''
2021-06-08 18:06:33,617 INFO org.springframework.boot.StartupInfoLogger [main] Started AdvertsServiceApplication in 5.014 seconds (JVM running for 5.661)
2021-06-08 18:07:29,960 INFO org.springframework.boot.StartupInfoLogger [main] Starting AdvertsServiceApplication using Java 15 on DESKTOP-GK0HJTR with PID 6572 (D:\Projects\adverts_services\controller\build\classes\java\main started by ejik_ in D:\Projects\adverts_services)
2021-06-08 18:07:29,962 DEBUG org.springframework.boot.StartupInfoLogger [main] Running with Spring Boot v2.4.5, Spring v5.3.6
2021-06-08 18:07:29,964 INFO org.springframework.boot.SpringApplication [main] No active profile set, falling back to default profiles: default
2021-06-08 18:07:29,983 INFO org.hibernate.validator.internal.util.Version [background-preinit] HV000001: Hibernate Validator 6.1.7.Final
2021-06-08 18:07:30,712 INFO org.springframework.data.repository.config.RepositoryConfigurationDelegate [main] Bootstrapping Spring Data JPA repositories in DEFAULT mode.
2021-06-08 18:07:30,819 INFO org.springframework.data.repository.config.RepositoryConfigurationDelegate [main] Finished Spring Data repository scanning in 98 ms. Found 10 JPA repository interfaces.
2021-06-08 18:07:31,034 INFO org.springframework.context.support.PostProcessorRegistrationDelegate$BeanPostProcessorChecker [main] Bean 'org.springframework.security.access.expression.method.DefaultMethodSecurityExpressionHandler@e5cbff2' of type [org.springframework.security.access.expression.method.DefaultMethodSecurityExpressionHandler] is not eligible for getting processed by all BeanPostProcessors (for example: not eligible for auto-proxying)
2021-06-08 18:07:31,039 INFO org.springframework.context.support.PostProcessorRegistrationDelegate$BeanPostProcessorChecker [main] Bean 'methodSecurityMetadataSource' of type [org.springframework.security.access.method.DelegatingMethodSecurityMetadataSource] is not eligible for getting processed by all BeanPostProcessors (for example: not eligible for auto-proxying)
2021-06-08 18:07:31,205 INFO org.springframework.boot.web.embedded.tomcat.TomcatWebServer [main] Tomcat initialized with port(s): 8080 (http)
2021-06-08 18:07:31,211 INFO org.apache.juli.logging.DirectJDKLog [main] Initializing ProtocolHandler ["http-nio-8080"]
2021-06-08 18:07:31,211 INFO org.apache.juli.logging.DirectJDKLog [main] Starting service [Tomcat]
2021-06-08 18:07:31,212 INFO org.apache.juli.logging.DirectJDKLog [main] Starting Servlet engine: [Apache Tomcat/9.0.45]
2021-06-08 18:07:31,302 INFO org.apache.juli.logging.DirectJDKLog [main] Initializing Spring embedded WebApplicationContext
2021-06-08 18:07:31,303 INFO org.springframework.boot.web.servlet.context.ServletWebServerApplicationContext [main] Root WebApplicationContext: initialization completed in 1282 ms
2021-06-08 18:07:31,430 INFO org.hibernate.jpa.internal.util.LogHelper [main] HHH000204: Processing PersistenceUnitInfo [name: default]
2021-06-08 18:07:31,462 INFO org.hibernate.Version [main] HHH000412: Hibernate ORM core version 5.4.30.Final
2021-06-08 18:07:31,555 INFO org.hibernate.annotations.common.reflection.java.JavaReflectionManager [main] HCANN000001: Hibernate Commons Annotations {5.1.2.Final}
2021-06-08 18:07:31,636 INFO com.zaxxer.hikari.HikariDataSource [main] HikariPool-1 - Starting...
2021-06-08 18:07:31,874 INFO com.zaxxer.hikari.HikariDataSource [main] HikariPool-1 - Start completed.
2021-06-08 18:07:31,884 INFO org.hibernate.dialect.Dialect [main] HHH000400: Using dialect: org.hibernate.dialect.MySQL57Dialect
2021-06-08 18:07:32,563 INFO org.hibernate.engine.transaction.jta.platform.internal.JtaPlatformInitiator [main] HHH000490: Using JtaPlatform implementation: [org.hibernate.engine.transaction.jta.platform.internal.NoJtaPlatform]
2021-06-08 18:07:32,569 INFO org.springframework.orm.jpa.AbstractEntityManagerFactoryBean [main] Initialized JPA EntityManagerFactory for persistence unit 'default'
2021-06-08 18:07:32,626 WARN org.springframework.boot.autoconfigure.orm.jpa.JpaBaseConfiguration$JpaWebConfiguration [main] spring.jpa.open-in-view is enabled by default. Therefore, database queries may be performed during view rendering. Explicitly configure spring.jpa.open-in-view to disable this warning
2021-06-08 18:07:33,229 INFO org.springframework.scheduling.concurrent.ExecutorConfigurationSupport [main] Initializing ExecutorService 'applicationTaskExecutor'
2021-06-08 18:07:33,456 INFO org.springframework.security.web.DefaultSecurityFilterChain [main] Will secure any request with [org.springframework.security.web.context.request.async.WebAsyncManagerIntegrationFilter@6e349258, org.springframework.security.web.context.SecurityContextPersistenceFilter@62977afb, org.springframework.security.web.header.HeaderWriterFilter@61d9dd15, org.springframework.security.web.authentication.logout.LogoutFilter@438a65a7, com.project.jwt.JwtTokenFilter@41092c8, org.springframework.security.web.savedrequest.RequestCacheAwareFilter@77604a86, org.springframework.security.web.servletapi.SecurityContextHolderAwareRequestFilter@2d4f1ddd, org.springframework.security.web.authentication.AnonymousAuthenticationFilter@2e590e36, org.springframework.security.web.session.SessionManagementFilter@22a8c837, org.springframework.security.web.access.ExceptionTranslationFilter@d863bb, org.springframework.security.web.access.intercept.FilterSecurityInterceptor@3af6c672]
2021-06-08 18:07:33,484 INFO org.apache.juli.logging.DirectJDKLog [main] Starting ProtocolHandler ["http-nio-8080"]
2021-06-08 18:07:33,498 INFO org.springframework.boot.web.embedded.tomcat.TomcatWebServer [main] Tomcat started on port(s): 8080 (http) with context path ''
2021-06-08 18:07:33,503 INFO org.springframework.boot.StartupInfoLogger [main] Started AdvertsServiceApplication in 4.007 seconds (JVM running for 4.582)
2021-06-08 18:07:51,987 INFO org.apache.juli.logging.DirectJDKLog [http-nio-8080-exec-2] Initializing Spring DispatcherServlet 'dispatcherServlet'
2021-06-08 18:07:51,987 INFO org.springframework.web.servlet.FrameworkServlet [http-nio-8080-exec-2] Initializing Servlet 'dispatcherServlet'
2021-06-08 18:07:51,988 INFO org.springframework.web.servlet.FrameworkServlet [http-nio-8080-exec-2] Completed initialization in 1 ms
2021-06-08 18:08:37,365 INFO com.project.JwtUserDetailsService [http-nio-8080-exec-3] IN loadUserByUsername - user with username: nyrhog successfully loaded
2021-06-08 18:08:37,373 INFO com.project.JwtUserDetailsService [http-nio-8080-exec-3] IN loadUserByUsername - user with username: nyrhog successfully loaded
2021-06-08 18:09:29,738 INFO com.project.JwtUserDetailsService [http-nio-8080-exec-4] IN loadUserByUsername - user with username: nyrhog successfully loaded
2021-06-08 18:09:29,744 INFO com.project.JwtUserDetailsService [http-nio-8080-exec-4] IN loadUserByUsername - user with username: nyrhog successfully loaded
2021-06-08 18:09:36,703 INFO com.project.JwtUserDetailsService [http-nio-8080-exec-5] IN loadUserByUsername - user with username: nyrhog successfully loaded
2021-06-08 18:09:36,772 ERROR com.project.exceptionHandler.ExceptionHandlerClass [http-nio-8080-exec-5] Validation failed for argument [0] in public org.springframework.http.ResponseEntity<java.lang.Void> com.project.controller.ChatController.createChat(com.project.dto.CreateChatDto): [Field error in object 'createChatDto' on field 'username': rejected value [null]; codes [NotBlank.createChatDto.username,NotBlank.username,NotBlank.java.lang.String,NotBlank]; arguments [org.springframework.context.support.DefaultMessageSourceResolvable: codes [createChatDto.username,username]; arguments []; default message [username]]; default message [не должно быть пустым]] 
2021-06-08 18:10:06,994 INFO com.project.JwtUserDetailsService [http-nio-8080-exec-7] IN loadUserByUsername - user with username: nyrhog successfully loaded
2021-06-08 18:10:07,037 INFO com.project.service.ChatService [http-nio-8080-exec-7] Chat is exist
2021-06-08 18:11:11,464 INFO com.project.JwtUserDetailsService [http-nio-8080-exec-10] IN loadUserByUsername - user with username: nyrhog successfully loaded
2021-06-08 18:11:11,470 INFO com.project.service.ChatService [http-nio-8080-exec-10] Chat is exist
2021-06-08 18:11:51,565 INFO org.hibernate.validator.internal.util.Version [background-preinit] HV000001: Hibernate Validator 6.1.7.Final
2021-06-08 18:11:51,569 INFO org.springframework.boot.StartupInfoLogger [main] Starting AdvertsServiceApplication using Java 15 on DESKTOP-GK0HJTR with PID 8032 (D:\Projects\adverts_services\controller\build\classes\java\main started by ejik_ in D:\Projects\adverts_services)
2021-06-08 18:11:51,569 DEBUG org.springframework.boot.StartupInfoLogger [main] Running with Spring Boot v2.4.5, Spring v5.3.6
2021-06-08 18:11:51,569 INFO org.springframework.boot.SpringApplication [main] No active profile set, falling back to default profiles: default
2021-06-08 18:11:52,135 INFO org.springframework.data.repository.config.RepositoryConfigurationDelegate [main] Bootstrapping Spring Data JPA repositories in DEFAULT mode.
2021-06-08 18:11:52,196 INFO org.springframework.data.repository.config.RepositoryConfigurationDelegate [main] Finished Spring Data repository scanning in 55 ms. Found 10 JPA repository interfaces.
2021-06-08 18:11:52,384 INFO org.springframework.context.support.PostProcessorRegistrationDelegate$BeanPostProcessorChecker [main] Bean 'org.springframework.security.access.expression.method.DefaultMethodSecurityExpressionHandler@22587507' of type [org.springframework.security.access.expression.method.DefaultMethodSecurityExpressionHandler] is not eligible for getting processed by all BeanPostProcessors (for example: not eligible for auto-proxying)
2021-06-08 18:11:52,389 INFO org.springframework.context.support.PostProcessorRegistrationDelegate$BeanPostProcessorChecker [main] Bean 'methodSecurityMetadataSource' of type [org.springframework.security.access.method.DelegatingMethodSecurityMetadataSource] is not eligible for getting processed by all BeanPostProcessors (for example: not eligible for auto-proxying)
2021-06-08 18:11:52,564 INFO org.springframework.boot.web.embedded.tomcat.TomcatWebServer [main] Tomcat initialized with port(s): 8080 (http)
2021-06-08 18:11:52,570 INFO org.apache.juli.logging.DirectJDKLog [main] Initializing ProtocolHandler ["http-nio-8080"]
2021-06-08 18:11:52,571 INFO org.apache.juli.logging.DirectJDKLog [main] Starting service [Tomcat]
2021-06-08 18:11:52,571 INFO org.apache.juli.logging.DirectJDKLog [main] Starting Servlet engine: [Apache Tomcat/9.0.45]
2021-06-08 18:11:52,639 INFO org.apache.juli.logging.DirectJDKLog [main] Initializing Spring embedded WebApplicationContext
2021-06-08 18:11:52,639 INFO org.springframework.boot.web.servlet.context.ServletWebServerApplicationContext [main] Root WebApplicationContext: initialization completed in 1042 ms
2021-06-08 18:11:52,751 INFO org.hibernate.jpa.internal.util.LogHelper [main] HHH000204: Processing PersistenceUnitInfo [name: default]
2021-06-08 18:11:52,780 INFO org.hibernate.Version [main] HHH000412: Hibernate ORM core version 5.4.30.Final
2021-06-08 18:11:52,856 INFO org.hibernate.annotations.common.reflection.java.JavaReflectionManager [main] HCANN000001: Hibernate Commons Annotations {5.1.2.Final}
2021-06-08 18:11:52,918 INFO com.zaxxer.hikari.HikariDataSource [main] HikariPool-1 - Starting...
2021-06-08 18:11:53,100 INFO com.zaxxer.hikari.HikariDataSource [main] HikariPool-1 - Start completed.
2021-06-08 18:11:53,108 INFO org.hibernate.dialect.Dialect [main] HHH000400: Using dialect: org.hibernate.dialect.MySQL57Dialect
2021-06-08 18:11:54,007 INFO org.hibernate.engine.transaction.jta.platform.internal.JtaPlatformInitiator [main] HHH000490: Using JtaPlatform implementation: [org.hibernate.engine.transaction.jta.platform.internal.NoJtaPlatform]
2021-06-08 18:11:54,016 INFO org.springframework.orm.jpa.AbstractEntityManagerFactoryBean [main] Initialized JPA EntityManagerFactory for persistence unit 'default'
2021-06-08 18:11:54,063 WARN org.springframework.boot.autoconfigure.orm.jpa.JpaBaseConfiguration$JpaWebConfiguration [main] spring.jpa.open-in-view is enabled by default. Therefore, database queries may be performed during view rendering. Explicitly configure spring.jpa.open-in-view to disable this warning
2021-06-08 18:11:55,463 INFO org.springframework.scheduling.concurrent.ExecutorConfigurationSupport [main] Initializing ExecutorService 'applicationTaskExecutor'
2021-06-08 18:11:55,659 INFO org.springframework.security.web.DefaultSecurityFilterChain [main] Will secure any request with [org.springframework.security.web.context.request.async.WebAsyncManagerIntegrationFilter@3eb8057c, org.springframework.security.web.context.SecurityContextPersistenceFilter@2446be5f, org.springframework.security.web.header.HeaderWriterFilter@3724ab90, org.springframework.security.web.authentication.logout.LogoutFilter@441762b8, com.project.jwt.JwtTokenFilter@be186df, org.springframework.security.web.savedrequest.RequestCacheAwareFilter@5b4880b3, org.springframework.security.web.servletapi.SecurityContextHolderAwareRequestFilter@1f7b1d6a, org.springframework.security.web.authentication.AnonymousAuthenticationFilter@2c257c0a, org.springframework.security.web.session.SessionManagementFilter@32b8992e, org.springframework.security.web.access.ExceptionTranslationFilter@7be86438, org.springframework.security.web.access.intercept.FilterSecurityInterceptor@2e590e36]
2021-06-08 18:11:55,683 INFO org.apache.juli.logging.DirectJDKLog [main] Starting ProtocolHandler ["http-nio-8080"]
2021-06-08 18:11:55,695 INFO org.springframework.boot.web.embedded.tomcat.TomcatWebServer [main] Tomcat started on port(s): 8080 (http) with context path ''
2021-06-08 18:11:55,701 INFO org.springframework.boot.StartupInfoLogger [main] Started AdvertsServiceApplication in 4.359 seconds (JVM running for 4.832)
2021-06-08 18:12:02,577 INFO org.apache.juli.logging.DirectJDKLog [http-nio-8080-exec-1] Initializing Spring DispatcherServlet 'dispatcherServlet'
2021-06-08 18:12:02,577 INFO org.springframework.web.servlet.FrameworkServlet [http-nio-8080-exec-1] Initializing Servlet 'dispatcherServlet'
2021-06-08 18:12:02,578 INFO org.springframework.web.servlet.FrameworkServlet [http-nio-8080-exec-1] Completed initialization in 1 ms
2021-06-08 18:12:02,677 INFO com.project.JwtUserDetailsService [http-nio-8080-exec-1] IN loadUserByUsername - user with username: nyrhog successfully loaded
2021-06-08 18:12:23,127 INFO com.project.JwtUserDetailsService [http-nio-8080-exec-6] IN loadUserByUsername - user with username: nyrhog successfully loaded
2021-06-08 18:12:23,136 INFO com.project.service.ChatService [http-nio-8080-exec-6] Chat is exist
2021-06-08 19:33:58,008 INFO org.hibernate.validator.internal.util.Version [background-preinit] HV000001: Hibernate Validator 6.1.7.Final
2021-06-08 19:33:58,012 INFO org.springframework.boot.StartupInfoLogger [main] Starting AdvertsServiceApplication using Java 15 on DESKTOP-GK0HJTR with PID 9964 (D:\Projects\adverts_services\controller\build\classes\java\main started by ejik_ in D:\Projects\adverts_services)
2021-06-08 19:33:58,012 DEBUG org.springframework.boot.StartupInfoLogger [main] Running with Spring Boot v2.4.5, Spring v5.3.6
2021-06-08 19:33:58,013 INFO org.springframework.boot.SpringApplication [main] No active profile set, falling back to default profiles: default
2021-06-08 19:33:58,499 INFO org.springframework.data.repository.config.RepositoryConfigurationDelegate [main] Bootstrapping Spring Data JPA repositories in DEFAULT mode.
2021-06-08 19:33:58,559 INFO org.springframework.data.repository.config.RepositoryConfigurationDelegate [main] Finished Spring Data repository scanning in 53 ms. Found 10 JPA repository interfaces.
2021-06-08 19:33:58,741 INFO org.springframework.context.support.PostProcessorRegistrationDelegate$BeanPostProcessorChecker [main] Bean 'org.springframework.security.access.expression.method.DefaultMethodSecurityExpressionHandler@22587507' of type [org.springframework.security.access.expression.method.DefaultMethodSecurityExpressionHandler] is not eligible for getting processed by all BeanPostProcessors (for example: not eligible for auto-proxying)
2021-06-08 19:33:58,745 INFO org.springframework.context.support.PostProcessorRegistrationDelegate$BeanPostProcessorChecker [main] Bean 'methodSecurityMetadataSource' of type [org.springframework.security.access.method.DelegatingMethodSecurityMetadataSource] is not eligible for getting processed by all BeanPostProcessors (for example: not eligible for auto-proxying)
2021-06-08 19:33:58,890 INFO org.springframework.boot.web.embedded.tomcat.TomcatWebServer [main] Tomcat initialized with port(s): 8080 (http)
2021-06-08 19:33:58,896 INFO org.apache.juli.logging.DirectJDKLog [main] Initializing ProtocolHandler ["http-nio-8080"]
2021-06-08 19:33:58,896 INFO org.apache.juli.logging.DirectJDKLog [main] Starting service [Tomcat]
2021-06-08 19:33:58,896 INFO org.apache.juli.logging.DirectJDKLog [main] Starting Servlet engine: [Apache Tomcat/9.0.45]
2021-06-08 19:33:58,961 INFO org.apache.juli.logging.DirectJDKLog [main] Initializing Spring embedded WebApplicationContext
2021-06-08 19:33:58,962 INFO org.springframework.boot.web.servlet.context.ServletWebServerApplicationContext [main] Root WebApplicationContext: initialization completed in 922 ms
2021-06-08 19:33:59,075 INFO org.hibernate.jpa.internal.util.LogHelper [main] HHH000204: Processing PersistenceUnitInfo [name: default]
2021-06-08 19:33:59,109 INFO org.hibernate.Version [main] HHH000412: Hibernate ORM core version 5.4.30.Final
2021-06-08 19:33:59,187 INFO org.hibernate.annotations.common.reflection.java.JavaReflectionManager [main] HCANN000001: Hibernate Commons Annotations {5.1.2.Final}
2021-06-08 19:33:59,249 INFO com.zaxxer.hikari.HikariDataSource [main] HikariPool-1 - Starting...
2021-06-08 19:33:59,423 INFO com.zaxxer.hikari.HikariDataSource [main] HikariPool-1 - Start completed.
2021-06-08 19:33:59,431 INFO org.hibernate.dialect.Dialect [main] HHH000400: Using dialect: org.hibernate.dialect.MySQL57Dialect
2021-06-08 19:34:00,033 INFO org.hibernate.engine.transaction.jta.platform.internal.JtaPlatformInitiator [main] HHH000490: Using JtaPlatform implementation: [org.hibernate.engine.transaction.jta.platform.internal.NoJtaPlatform]
2021-06-08 19:34:00,043 INFO org.springframework.orm.jpa.AbstractEntityManagerFactoryBean [main] Initialized JPA EntityManagerFactory for persistence unit 'default'
2021-06-08 19:34:00,088 WARN org.springframework.boot.autoconfigure.orm.jpa.JpaBaseConfiguration$JpaWebConfiguration [main] spring.jpa.open-in-view is enabled by default. Therefore, database queries may be performed during view rendering. Explicitly configure spring.jpa.open-in-view to disable this warning
2021-06-08 19:34:00,668 INFO org.springframework.scheduling.concurrent.ExecutorConfigurationSupport [main] Initializing ExecutorService 'applicationTaskExecutor'
2021-06-08 19:34:00,857 INFO org.springframework.security.web.DefaultSecurityFilterChain [main] Will secure any request with [org.springframework.security.web.context.request.async.WebAsyncManagerIntegrationFilter@1e4b9592, org.springframework.security.web.context.SecurityContextPersistenceFilter@22bca04e, org.springframework.security.web.header.HeaderWriterFilter@7e5c8c80, org.springframework.security.web.authentication.logout.LogoutFilter@7be86438, com.project.jwt.JwtTokenFilter@438a65a7, org.springframework.security.web.savedrequest.RequestCacheAwareFilter@30a1b2ad, org.springframework.security.web.servletapi.SecurityContextHolderAwareRequestFilter@a70daf4, org.springframework.security.web.authentication.AnonymousAuthenticationFilter@543c887, org.springframework.security.web.session.SessionManagementFilter@5418893c, org.springframework.security.web.access.ExceptionTranslationFilter@2003edf, org.springframework.security.web.access.intercept.FilterSecurityInterceptor@1ccce165]
2021-06-08 19:34:00,880 INFO org.apache.juli.logging.DirectJDKLog [main] Starting ProtocolHandler ["http-nio-8080"]
2021-06-08 19:34:00,893 INFO org.springframework.boot.web.embedded.tomcat.TomcatWebServer [main] Tomcat started on port(s): 8080 (http) with context path ''
2021-06-08 19:34:00,898 INFO org.springframework.boot.StartupInfoLogger [main] Started AdvertsServiceApplication in 3.094 seconds (JVM running for 3.49)
2021-06-08 19:34:09,355 INFO org.apache.juli.logging.DirectJDKLog [http-nio-8080-exec-2] Initializing Spring DispatcherServlet 'dispatcherServlet'
2021-06-08 19:34:09,355 INFO org.springframework.web.servlet.FrameworkServlet [http-nio-8080-exec-2] Initializing Servlet 'dispatcherServlet'
2021-06-08 19:34:09,356 INFO org.springframework.web.servlet.FrameworkServlet [http-nio-8080-exec-2] Completed initialization in 1 ms
2021-06-08 19:34:09,447 INFO com.project.JwtUserDetailsService [http-nio-8080-exec-2] IN loadUserByUsername - user with username: nyrhog successfully loaded
2021-06-08 19:35:52,513 INFO org.hibernate.validator.internal.util.Version [background-preinit] HV000001: Hibernate Validator 6.1.7.Final
2021-06-08 19:35:52,517 INFO org.springframework.boot.StartupInfoLogger [main] Starting AdvertsServiceApplication using Java 15 on DESKTOP-GK0HJTR with PID 6252 (D:\Projects\adverts_services\controller\build\classes\java\main started by ejik_ in D:\Projects\adverts_services)
2021-06-08 19:35:52,517 DEBUG org.springframework.boot.StartupInfoLogger [main] Running with Spring Boot v2.4.5, Spring v5.3.6
2021-06-08 19:35:52,517 INFO org.springframework.boot.SpringApplication [main] No active profile set, falling back to default profiles: default
2021-06-08 19:35:52,971 INFO org.springframework.data.repository.config.RepositoryConfigurationDelegate [main] Bootstrapping Spring Data JPA repositories in DEFAULT mode.
2021-06-08 19:35:53,027 INFO org.springframework.data.repository.config.RepositoryConfigurationDelegate [main] Finished Spring Data repository scanning in 51 ms. Found 10 JPA repository interfaces.
2021-06-08 19:35:53,213 INFO org.springframework.context.support.PostProcessorRegistrationDelegate$BeanPostProcessorChecker [main] Bean 'org.springframework.security.access.expression.method.DefaultMethodSecurityExpressionHandler@660f0c' of type [org.springframework.security.access.expression.method.DefaultMethodSecurityExpressionHandler] is not eligible for getting processed by all BeanPostProcessors (for example: not eligible for auto-proxying)
2021-06-08 19:35:53,218 INFO org.springframework.context.support.PostProcessorRegistrationDelegate$BeanPostProcessorChecker [main] Bean 'methodSecurityMetadataSource' of type [org.springframework.security.access.method.DelegatingMethodSecurityMetadataSource] is not eligible for getting processed by all BeanPostProcessors (for example: not eligible for auto-proxying)
2021-06-08 19:35:53,362 INFO org.springframework.boot.web.embedded.tomcat.TomcatWebServer [main] Tomcat initialized with port(s): 8080 (http)
2021-06-08 19:35:53,367 INFO org.apache.juli.logging.DirectJDKLog [main] Initializing ProtocolHandler ["http-nio-8080"]
2021-06-08 19:35:53,368 INFO org.apache.juli.logging.DirectJDKLog [main] Starting service [Tomcat]
2021-06-08 19:35:53,368 INFO org.apache.juli.logging.DirectJDKLog [main] Starting Servlet engine: [Apache Tomcat/9.0.45]
2021-06-08 19:35:53,430 INFO org.apache.juli.logging.DirectJDKLog [main] Initializing Spring embedded WebApplicationContext
2021-06-08 19:35:53,431 INFO org.springframework.boot.web.servlet.context.ServletWebServerApplicationContext [main] Root WebApplicationContext: initialization completed in 886 ms
2021-06-08 19:35:53,538 INFO org.hibernate.jpa.internal.util.LogHelper [main] HHH000204: Processing PersistenceUnitInfo [name: default]
2021-06-08 19:35:53,565 INFO org.hibernate.Version [main] HHH000412: Hibernate ORM core version 5.4.30.Final
2021-06-08 19:35:53,637 INFO org.hibernate.annotations.common.reflection.java.JavaReflectionManager [main] HCANN000001: Hibernate Commons Annotations {5.1.2.Final}
2021-06-08 19:35:53,700 INFO com.zaxxer.hikari.HikariDataSource [main] HikariPool-1 - Starting...
2021-06-08 19:35:53,873 INFO com.zaxxer.hikari.HikariDataSource [main] HikariPool-1 - Start completed.
2021-06-08 19:35:53,881 INFO org.hibernate.dialect.Dialect [main] HHH000400: Using dialect: org.hibernate.dialect.MySQL57Dialect
2021-06-08 19:35:54,476 INFO org.hibernate.engine.transaction.jta.platform.internal.JtaPlatformInitiator [main] HHH000490: Using JtaPlatform implementation: [org.hibernate.engine.transaction.jta.platform.internal.NoJtaPlatform]
2021-06-08 19:35:54,483 INFO org.springframework.orm.jpa.AbstractEntityManagerFactoryBean [main] Initialized JPA EntityManagerFactory for persistence unit 'default'
2021-06-08 19:35:54,534 WARN org.springframework.boot.autoconfigure.orm.jpa.JpaBaseConfiguration$JpaWebConfiguration [main] spring.jpa.open-in-view is enabled by default. Therefore, database queries may be performed during view rendering. Explicitly configure spring.jpa.open-in-view to disable this warning
2021-06-08 19:35:55,111 INFO org.springframework.scheduling.concurrent.ExecutorConfigurationSupport [main] Initializing ExecutorService 'applicationTaskExecutor'
2021-06-08 19:35:55,304 INFO org.springframework.security.web.DefaultSecurityFilterChain [main] Will secure any request with [org.springframework.security.web.context.request.async.WebAsyncManagerIntegrationFilter@51d34f02, org.springframework.security.web.context.SecurityContextPersistenceFilter@11ec2b2f, org.springframework.security.web.header.HeaderWriterFilter@2dc319cf, org.springframework.security.web.authentication.logout.LogoutFilter@1a34f8e2, com.project.jwt.JwtTokenFilter@441762b8, org.springframework.security.web.savedrequest.RequestCacheAwareFilter@6344004d, org.springframework.security.web.servletapi.SecurityContextHolderAwareRequestFilter@62158618, org.springframework.security.web.authentication.AnonymousAuthenticationFilter@2d2fe68a, org.springframework.security.web.session.SessionManagementFilter@1dae9e61, org.springframework.security.web.access.ExceptionTranslationFilter@7674f9d4, org.springframework.security.web.access.intercept.FilterSecurityInterceptor@543c887]
2021-06-08 19:35:55,326 INFO org.apache.juli.logging.DirectJDKLog [main] Starting ProtocolHandler ["http-nio-8080"]
2021-06-08 19:35:55,338 INFO org.springframework.boot.web.embedded.tomcat.TomcatWebServer [main] Tomcat started on port(s): 8080 (http) with context path ''
2021-06-08 19:35:55,344 INFO org.springframework.boot.StartupInfoLogger [main] Started AdvertsServiceApplication in 3.028 seconds (JVM running for 3.451)
2021-06-08 19:36:02,416 INFO org.apache.juli.logging.DirectJDKLog [http-nio-8080-exec-1] Initializing Spring DispatcherServlet 'dispatcherServlet'
2021-06-08 19:36:02,416 INFO org.springframework.web.servlet.FrameworkServlet [http-nio-8080-exec-1] Initializing Servlet 'dispatcherServlet'
2021-06-08 19:36:02,417 INFO org.springframework.web.servlet.FrameworkServlet [http-nio-8080-exec-1] Completed initialization in 1 ms
2021-06-08 19:36:02,510 INFO com.project.JwtUserDetailsService [http-nio-8080-exec-1] IN loadUserByUsername - user with username: nyrhog successfully loaded
2021-06-08 19:46:26,304 INFO org.hibernate.validator.internal.util.Version [background-preinit] HV000001: Hibernate Validator 6.1.7.Final
2021-06-08 19:46:26,311 INFO org.springframework.boot.StartupInfoLogger [main] Starting AdvertsServiceApplication using Java 15 on DESKTOP-GK0HJTR with PID 9612 (D:\Projects\adverts_services\controller\build\classes\java\main started by ejik_ in D:\Projects\adverts_services)
2021-06-08 19:46:26,312 DEBUG org.springframework.boot.StartupInfoLogger [main] Running with Spring Boot v2.4.5, Spring v5.3.6
2021-06-08 19:46:26,312 INFO org.springframework.boot.SpringApplication [main] No active profile set, falling back to default profiles: default
2021-06-08 19:46:26,875 INFO org.springframework.data.repository.config.RepositoryConfigurationDelegate [main] Bootstrapping Spring Data JPA repositories in DEFAULT mode.
2021-06-08 19:46:26,936 INFO org.springframework.data.repository.config.RepositoryConfigurationDelegate [main] Finished Spring Data repository scanning in 54 ms. Found 10 JPA repository interfaces.
2021-06-08 19:46:27,143 INFO org.springframework.context.support.PostProcessorRegistrationDelegate$BeanPostProcessorChecker [main] Bean 'org.springframework.security.access.expression.method.DefaultMethodSecurityExpressionHandler@d109c4f' of type [org.springframework.security.access.expression.method.DefaultMethodSecurityExpressionHandler] is not eligible for getting processed by all BeanPostProcessors (for example: not eligible for auto-proxying)
2021-06-08 19:46:27,150 INFO org.springframework.context.support.PostProcessorRegistrationDelegate$BeanPostProcessorChecker [main] Bean 'methodSecurityMetadataSource' of type [org.springframework.security.access.method.DelegatingMethodSecurityMetadataSource] is not eligible for getting processed by all BeanPostProcessors (for example: not eligible for auto-proxying)
2021-06-08 19:46:27,318 INFO org.springframework.boot.web.embedded.tomcat.TomcatWebServer [main] Tomcat initialized with port(s): 8080 (http)
2021-06-08 19:46:27,324 INFO org.apache.juli.logging.DirectJDKLog [main] Initializing ProtocolHandler ["http-nio-8080"]
2021-06-08 19:46:27,324 INFO org.apache.juli.logging.DirectJDKLog [main] Starting service [Tomcat]
2021-06-08 19:46:27,324 INFO org.apache.juli.logging.DirectJDKLog [main] Starting Servlet engine: [Apache Tomcat/9.0.45]
2021-06-08 19:46:27,396 INFO org.apache.juli.logging.DirectJDKLog [main] Initializing Spring embedded WebApplicationContext
2021-06-08 19:46:27,396 INFO org.springframework.boot.web.servlet.context.ServletWebServerApplicationContext [main] Root WebApplicationContext: initialization completed in 1043 ms
2021-06-08 19:46:27,511 INFO org.hibernate.jpa.internal.util.LogHelper [main] HHH000204: Processing PersistenceUnitInfo [name: default]
2021-06-08 19:46:27,544 INFO org.hibernate.Version [main] HHH000412: Hibernate ORM core version 5.4.30.Final
2021-06-08 19:46:27,632 INFO org.hibernate.annotations.common.reflection.java.JavaReflectionManager [main] HCANN000001: Hibernate Commons Annotations {5.1.2.Final}
2021-06-08 19:46:27,708 INFO com.zaxxer.hikari.HikariDataSource [main] HikariPool-1 - Starting...
2021-06-08 19:46:27,922 INFO com.zaxxer.hikari.HikariDataSource [main] HikariPool-1 - Start completed.
2021-06-08 19:46:27,930 INFO org.hibernate.dialect.Dialect [main] HHH000400: Using dialect: org.hibernate.dialect.MySQL57Dialect
2021-06-08 19:46:28,631 INFO org.hibernate.engine.transaction.jta.platform.internal.JtaPlatformInitiator [main] HHH000490: Using JtaPlatform implementation: [org.hibernate.engine.transaction.jta.platform.internal.NoJtaPlatform]
2021-06-08 19:46:28,638 INFO org.springframework.orm.jpa.AbstractEntityManagerFactoryBean [main] Initialized JPA EntityManagerFactory for persistence unit 'default'
2021-06-08 19:46:28,701 WARN org.springframework.boot.autoconfigure.orm.jpa.JpaBaseConfiguration$JpaWebConfiguration [main] spring.jpa.open-in-view is enabled by default. Therefore, database queries may be performed during view rendering. Explicitly configure spring.jpa.open-in-view to disable this warning
2021-06-08 19:46:29,402 INFO org.springframework.scheduling.concurrent.ExecutorConfigurationSupport [main] Initializing ExecutorService 'applicationTaskExecutor'
2021-06-08 19:46:29,614 INFO org.springframework.security.web.DefaultSecurityFilterChain [main] Will secure any request with [org.springframework.security.web.context.request.async.WebAsyncManagerIntegrationFilter@596d17f4, org.springframework.security.web.context.SecurityContextPersistenceFilter@5e75cf7a, org.springframework.security.web.header.HeaderWriterFilter@211cf27b, org.springframework.security.web.authentication.logout.LogoutFilter@2c257c0a, com.project.jwt.JwtTokenFilter@35a2ea5a, org.springframework.security.web.savedrequest.RequestCacheAwareFilter@309d54ac, org.springframework.security.web.servletapi.SecurityContextHolderAwareRequestFilter@71c1ca1, org.springframework.security.web.authentication.AnonymousAuthenticationFilter@18ab513d, org.springframework.security.web.session.SessionManagementFilter@73c1dda3, org.springframework.security.web.access.ExceptionTranslationFilter@1ccce165, org.springframework.security.web.access.intercept.FilterSecurityInterceptor@429dde4d]
2021-06-08 19:46:29,640 INFO org.apache.juli.logging.DirectJDKLog [main] Starting ProtocolHandler ["http-nio-8080"]
2021-06-08 19:46:29,659 INFO org.springframework.boot.web.embedded.tomcat.TomcatWebServer [main] Tomcat started on port(s): 8080 (http) with context path ''
2021-06-08 19:46:29,665 INFO org.springframework.boot.StartupInfoLogger [main] Started AdvertsServiceApplication in 3.674 seconds (JVM running for 4.974)
2021-06-08 19:46:32,764 INFO org.apache.juli.logging.DirectJDKLog [http-nio-8080-exec-2] Initializing Spring DispatcherServlet 'dispatcherServlet'
2021-06-08 19:46:32,764 INFO org.springframework.web.servlet.FrameworkServlet [http-nio-8080-exec-2] Initializing Servlet 'dispatcherServlet'
2021-06-08 19:46:32,765 INFO org.springframework.web.servlet.FrameworkServlet [http-nio-8080-exec-2] Completed initialization in 1 ms
2021-06-08 19:46:32,866 INFO com.project.JwtUserDetailsService [http-nio-8080-exec-2] IN loadUserByUsername - user with username: nyrhog successfully loaded
2021-06-08 19:47:32,553 WARN com.zaxxer.hikari.pool.HikariPool$HouseKeeper [HikariPool-1 housekeeper] HikariPool-1 - Thread starvation or clock leap detected (housekeeper delta=1m4s529ms644µs500ns).
2021-06-08 19:47:32,553 INFO com.project.service.ChatService [http-nio-8080-exec-2] Chat is exist
2021-06-08 19:47:32,601 INFO org.springframework.scheduling.concurrent.ExecutorConfigurationSupport [SpringContextShutdownHook] Shutting down ExecutorService 'applicationTaskExecutor'
2021-06-08 19:47:32,604 INFO org.springframework.orm.jpa.AbstractEntityManagerFactoryBean [SpringContextShutdownHook] Closing JPA EntityManagerFactory for persistence unit 'default'
2021-06-08 19:47:32,606 INFO com.zaxxer.hikari.HikariDataSource [SpringContextShutdownHook] HikariPool-1 - Shutdown initiated...
2021-06-08 19:47:32,612 INFO com.zaxxer.hikari.HikariDataSource [SpringContextShutdownHook] HikariPool-1 - Shutdown completed.
2021-06-08 19:47:35,532 INFO org.hibernate.validator.internal.util.Version [background-preinit] HV000001: Hibernate Validator 6.1.7.Final
2021-06-08 19:47:35,537 INFO org.springframework.boot.StartupInfoLogger [main] Starting AdvertsServiceApplication using Java 15 on DESKTOP-GK0HJTR with PID 8064 (D:\Projects\adverts_services\controller\build\classes\java\main started by ejik_ in D:\Projects\adverts_services)
2021-06-08 19:47:35,537 DEBUG org.springframework.boot.StartupInfoLogger [main] Running with Spring Boot v2.4.5, Spring v5.3.6
2021-06-08 19:47:35,538 INFO org.springframework.boot.SpringApplication [main] No active profile set, falling back to default profiles: default
2021-06-08 19:47:36,042 INFO org.springframework.data.repository.config.RepositoryConfigurationDelegate [main] Bootstrapping Spring Data JPA repositories in DEFAULT mode.
2021-06-08 19:47:36,109 INFO org.springframework.data.repository.config.RepositoryConfigurationDelegate [main] Finished Spring Data repository scanning in 62 ms. Found 10 JPA repository interfaces.
2021-06-08 19:47:36,316 INFO org.springframework.context.support.PostProcessorRegistrationDelegate$BeanPostProcessorChecker [main] Bean 'org.springframework.security.access.expression.method.DefaultMethodSecurityExpressionHandler@21bd20ee' of type [org.springframework.security.access.expression.method.DefaultMethodSecurityExpressionHandler] is not eligible for getting processed by all BeanPostProcessors (for example: not eligible for auto-proxying)
2021-06-08 19:47:36,322 INFO org.springframework.context.support.PostProcessorRegistrationDelegate$BeanPostProcessorChecker [main] Bean 'methodSecurityMetadataSource' of type [org.springframework.security.access.method.DelegatingMethodSecurityMetadataSource] is not eligible for getting processed by all BeanPostProcessors (for example: not eligible for auto-proxying)
2021-06-08 19:47:36,486 INFO org.springframework.boot.web.embedded.tomcat.TomcatWebServer [main] Tomcat initialized with port(s): 8080 (http)
2021-06-08 19:47:36,493 INFO org.apache.juli.logging.DirectJDKLog [main] Initializing ProtocolHandler ["http-nio-8080"]
2021-06-08 19:47:36,493 INFO org.apache.juli.logging.DirectJDKLog [main] Starting service [Tomcat]
2021-06-08 19:47:36,494 INFO org.apache.juli.logging.DirectJDKLog [main] Starting Servlet engine: [Apache Tomcat/9.0.45]
2021-06-08 19:47:36,570 INFO org.apache.juli.logging.DirectJDKLog [main] Initializing Spring embedded WebApplicationContext
2021-06-08 19:47:36,571 INFO org.springframework.boot.web.servlet.context.ServletWebServerApplicationContext [main] Root WebApplicationContext: initialization completed in 997 ms
2021-06-08 19:47:36,690 INFO org.hibernate.jpa.internal.util.LogHelper [main] HHH000204: Processing PersistenceUnitInfo [name: default]
2021-06-08 19:47:36,723 INFO org.hibernate.Version [main] HHH000412: Hibernate ORM core version 5.4.30.Final
2021-06-08 19:47:36,810 INFO org.hibernate.annotations.common.reflection.java.JavaReflectionManager [main] HCANN000001: Hibernate Commons Annotations {5.1.2.Final}
2021-06-08 19:47:36,884 INFO com.zaxxer.hikari.HikariDataSource [main] HikariPool-1 - Starting...
2021-06-08 19:47:37,087 INFO com.zaxxer.hikari.HikariDataSource [main] HikariPool-1 - Start completed.
2021-06-08 19:47:37,096 INFO org.hibernate.dialect.Dialect [main] HHH000400: Using dialect: org.hibernate.dialect.MySQL57Dialect
2021-06-08 19:47:37,732 INFO org.hibernate.engine.transaction.jta.platform.internal.JtaPlatformInitiator [main] HHH000490: Using JtaPlatform implementation: [org.hibernate.engine.transaction.jta.platform.internal.NoJtaPlatform]
2021-06-08 19:47:37,739 INFO org.springframework.orm.jpa.AbstractEntityManagerFactoryBean [main] Initialized JPA EntityManagerFactory for persistence unit 'default'
2021-06-08 19:47:37,791 WARN org.springframework.boot.autoconfigure.orm.jpa.JpaBaseConfiguration$JpaWebConfiguration [main] spring.jpa.open-in-view is enabled by default. Therefore, database queries may be performed during view rendering. Explicitly configure spring.jpa.open-in-view to disable this warning
2021-06-08 19:47:38,413 INFO org.springframework.scheduling.concurrent.ExecutorConfigurationSupport [main] Initializing ExecutorService 'applicationTaskExecutor'
2021-06-08 19:47:38,607 INFO org.springframework.security.web.DefaultSecurityFilterChain [main] Will secure any request with [org.springframework.security.web.context.request.async.WebAsyncManagerIntegrationFilter@1512efe9, org.springframework.security.web.context.SecurityContextPersistenceFilter@497c1d78, org.springframework.security.web.header.HeaderWriterFilter@757f47f0, org.springframework.security.web.authentication.logout.LogoutFilter@6ba02f70, com.project.jwt.JwtTokenFilter@7cc7e441, org.springframework.security.web.savedrequest.RequestCacheAwareFilter@71db6703, org.springframework.security.web.servletapi.SecurityContextHolderAwareRequestFilter@7528089c, org.springframework.security.web.authentication.AnonymousAuthenticationFilter@bb1b872, org.springframework.security.web.session.SessionManagementFilter@3af6c672, org.springframework.security.web.access.ExceptionTranslationFilter@6f12fca0, org.springframework.security.web.access.intercept.FilterSecurityInterceptor@260ccf0]
2021-06-08 19:47:38,633 INFO org.apache.juli.logging.DirectJDKLog [main] Starting ProtocolHandler ["http-nio-8080"]
2021-06-08 19:47:38,646 INFO org.springframework.boot.web.embedded.tomcat.TomcatWebServer [main] Tomcat started on port(s): 8080 (http) with context path ''
2021-06-08 19:47:38,653 INFO org.springframework.boot.StartupInfoLogger [main] Started AdvertsServiceApplication in 3.356 seconds (JVM running for 3.883)
2021-06-08 19:47:41,261 INFO org.apache.juli.logging.DirectJDKLog [http-nio-8080-exec-2] Initializing Spring DispatcherServlet 'dispatcherServlet'
2021-06-08 19:47:41,261 INFO org.springframework.web.servlet.FrameworkServlet [http-nio-8080-exec-2] Initializing Servlet 'dispatcherServlet'
2021-06-08 19:47:41,262 INFO org.springframework.web.servlet.FrameworkServlet [http-nio-8080-exec-2] Completed initialization in 1 ms
2021-06-08 19:47:41,362 INFO com.project.JwtUserDetailsService [http-nio-8080-exec-2] IN loadUserByUsername - user with username: nyrhog successfully loaded
2021-06-08 19:49:09,670 WARN com.zaxxer.hikari.pool.HikariPool$HouseKeeper [HikariPool-1 housekeeper] HikariPool-1 - Thread starvation or clock leap detected (housekeeper delta=1m32s482ms258µs200ns).
2021-06-08 19:49:09,670 INFO com.project.service.ChatService [http-nio-8080-exec-2] Chat is exist
2021-06-08 19:49:09,707 INFO org.springframework.scheduling.concurrent.ExecutorConfigurationSupport [SpringContextShutdownHook] Shutting down ExecutorService 'applicationTaskExecutor'
2021-06-08 19:49:09,709 INFO org.springframework.orm.jpa.AbstractEntityManagerFactoryBean [SpringContextShutdownHook] Closing JPA EntityManagerFactory for persistence unit 'default'
2021-06-08 19:49:09,712 INFO com.zaxxer.hikari.HikariDataSource [SpringContextShutdownHook] HikariPool-1 - Shutdown initiated...
2021-06-08 19:49:09,719 INFO com.zaxxer.hikari.HikariDataSource [SpringContextShutdownHook] HikariPool-1 - Shutdown completed.
